<?xml version="1.0" encoding="UTF-8"?>
<testsuite name="ru.otus.dataprocessor.ProcessorTest" tests="1" skipped="0" failures="0" errors="0" timestamp="2022-02-18T15:08:18" hostname="Vostro-5490" time="0.144">
  <properties/>
  <testcase name="Из файла читается json, обрабатывается, результат сериализуется в строку" classname="ru.otus.dataprocessor.ProcessorTest" time="0.144"/>
  <system-out><![CDATA[/tmp/junit16338047783334321772
]]></system-out>
  <system-err><![CDATA[]]></system-err>
</testsuite>
