<?xml version="1.0" encoding="UTF-8"?>
<testsuite name="ru.otus.dataprocessor.ProcessorTest" tests="1" skipped="0" failures="0" errors="0" timestamp="2022-02-14T17:35:43" hostname="Vostro-5490" time="0.139">
  <properties/>
  <testcase name="Из файла читается json, обрабатывается, результат сериализуется в строку" classname="ru.otus.dataprocessor.ProcessorTest" time="0.139"/>
  <system-out><![CDATA[/tmp/junit14582149417911986388
]]></system-out>
  <system-err><![CDATA[]]></system-err>
</testsuite>
