<?xml version="1.0" encoding="UTF-8"?>
<testsuite name="ru.otus.CustomerTest" tests="5" skipped="0" failures="0" errors="0" timestamp="2022-02-14T17:35:40" hostname="Vostro-5490" time="0.053">
  <properties/>
  <testcase name="Проверяем, что класс Customer не сломан" classname="ru.otus.CustomerTest" time="0.04"/>
  <testcase name="Объект Customer как ключ в карте" classname="ru.otus.CustomerTest" time="0.001"/>
  <testcase name="Модификация коллекции" classname="ru.otus.CustomerTest" time="0.002"/>
  <testcase name="Сортировка по полю score, итерация по возрастанию" classname="ru.otus.CustomerTest" time="0.001"/>
  <testcase name="Возвращание в обратном порядке" classname="ru.otus.CustomerTest" time="0.006"/>
  <system-out><![CDATA[]]></system-out>
  <system-err><![CDATA[]]></system-err>
</testsuite>
