<?xml version="1.0" encoding="UTF-8"?>
<testsuite name="ru.otus.CustomerTest" tests="1" skipped="0" failures="0" errors="0" timestamp="2021-12-09T14:57:27" hostname="Vostro-5490" time="0.043">
  <properties/>
  <testcase name="Модификация коллекции" classname="ru.otus.CustomerTest" time="0.043"/>
  <system-out><![CDATA[]]></system-out>
  <system-err><![CDATA[]]></system-err>
</testsuite>
